Using pre-set license
Built from '2021.3/staging' branch; Version is '2021.3.1f1 (3b70a0754835) revision 3895456'; Using compiler version '192829333'; Build Type 'Release'
OS: 'Windows 11  (10.0.22000) 64bit CoreSingleLanguage' Language: 'es' Physical Memory: 10153 MB
BatchMode: 1, IsHumanControllingUs: 0, StartBugReporterOnCrash: 0, Is64bit: 1, IsPro: 1

COMMAND LINE ARGUMENTS:
D:\Program Files\Unity\Hub\Editor\2021.3.1f1\Editor\Unity.exe
-adb2
-batchMode
-noUpm
-name
AssetImportWorker0
-projectPath
C:/Users/ramir/OneDrive/Documentos/escuela/cuatri4/barron/Unity Ramiro/Proyecto personal
-logFile
Logs/AssetImportWorker0.log
-srvPort
51694
Successfully changed project path to: C:/Users/ramir/OneDrive/Documentos/escuela/cuatri4/barron/Unity Ramiro/Proyecto personal
C:/Users/ramir/OneDrive/Documentos/escuela/cuatri4/barron/Unity Ramiro/Proyecto personal
[UnityMemory] Configuration Parameters - Can be set up in boot.config
    "memorysetup-bucket-allocator-granularity=16"
    "memorysetup-bucket-allocator-bucket-count=8"
    "memorysetup-bucket-allocator-block-size=33554432"
    "memorysetup-bucket-allocator-block-count=8"
    "memorysetup-main-allocator-block-size=16777216"
    "memorysetup-thread-allocator-block-size=16777216"
    "memorysetup-gfx-main-allocator-block-size=16777216"
    "memorysetup-gfx-thread-allocator-block-size=16777216"
    "memorysetup-cache-allocator-block-size=4194304"
    "memorysetup-typetree-allocator-block-size=2097152"
    "memorysetup-profiler-bucket-allocator-granularity=16"
    "memorysetup-profiler-bucket-allocator-bucket-count=8"
    "memorysetup-profiler-bucket-allocator-block-size=33554432"
    "memorysetup-profiler-bucket-allocator-block-count=8"
    "memorysetup-profiler-allocator-block-size=16777216"
    "memorysetup-profiler-editor-allocator-block-size=1048576"
    "memorysetup-temp-allocator-size-main=16777216"
    "memorysetup-job-temp-allocator-block-size=2097152"
    "memorysetup-job-temp-allocator-block-size-background=1048576"
    "memorysetup-job-temp-allocator-reduction-small-platforms=262144"
    "memorysetup-temp-allocator-size-background-worker=32768"
    "memorysetup-temp-allocator-size-job-worker=262144"
    "memorysetup-temp-allocator-size-preload-manager=33554432"
    "memorysetup-temp-allocator-size-nav-mesh-worker=65536"
    "memorysetup-temp-allocator-size-audio-worker=65536"
    "memorysetup-temp-allocator-size-cloud-worker=32768"
    "memorysetup-temp-allocator-size-gi-baking-worker=262144"
    "memorysetup-temp-allocator-size-gfx=262144"
Refreshing native plugins compatible for Editor in 117.87 ms, found 3 plugins.
Preloading 0 native plugins for Editor in 0.00 ms.
Initialize engine version: 2021.3.1f1 (3b70a0754835)
[Subsystems] Discovering subsystems at path D:/Program Files/Unity/Hub/Editor/2021.3.1f1/Editor/Data/Resources/UnitySubsystems
[Subsystems] Discovering subsystems at path C:/Users/ramir/OneDrive/Documentos/escuela/cuatri4/barron/Unity Ramiro/Proyecto personal/Assets
GfxDevice: creating device client; threaded=0; jobified=0
Direct3D:
    Version:  Direct3D 11.0 [level 11.1]
    Renderer: AMD Radeon(TM) Vega 6 Graphics (ID=0x15d8)
    Vendor:   ATI
    VRAM:     5076 MB
    Driver:   30.0.13023.4001
Initialize mono
Mono path[0] = 'D:/Program Files/Unity/Hub/Editor/2021.3.1f1/Editor/Data/Managed'
Mono path[1] = 'D:/Program Files/Unity/Hub/Editor/2021.3.1f1/Editor/Data/MonoBleedingEdge/lib/mono/unityjit-win32'
Mono config path = 'D:/Program Files/Unity/Hub/Editor/2021.3.1f1/Editor/Data/MonoBleedingEdge/etc'
Using monoOptions --debugger-agent=transport=dt_socket,embedding=1,server=y,suspend=n,address=127.0.0.1:56400
Begin MonoManager ReloadAssembly
Registering precompiled unity dll's ...
Register platform support module: D:/Program Files/Unity/Hub/Editor/2021.3.1f1/Editor/Data/PlaybackEngines/WebGLSupport/UnityEditor.WebGL.Extensions.dll
Register platform support module: D:/Program Files/Unity/Hub/Editor/2021.3.1f1/Editor/Data/PlaybackEngines/WindowsStandaloneSupport/UnityEditor.WindowsStandalone.Extensions.dll
Registered in 0.008958 seconds.
Native extension for WindowsStandalone target not found
Native extension for WebGL target not found
Refreshing native plugins compatible for Editor in 203.96 ms, found 3 plugins.
Preloading 0 native plugins for Editor in 0.00 ms.
Mono: successfully reloaded assembly
- Completed reload, in  1.393 seconds
Domain Reload Profiling:
	ReloadAssembly (1394ms)
		BeginReloadAssembly (128ms)
			ExecutionOrderSort (0ms)
			DisableScriptedObjects (0ms)
			BackupInstance (0ms)
			ReleaseScriptingObjects (0ms)
			CreateAndSetChildDomain (2ms)
		EndReloadAssembly (1027ms)
			LoadAssemblies (128ms)
			RebuildTransferFunctionScriptingTraits (0ms)
			SetupTypeCache (306ms)
			ReleaseScriptCaches (0ms)
			RebuildScriptCaches (83ms)
			SetupLoadedEditorAssemblies (495ms)
				LogAssemblyErrors (0ms)
				InitializePlatformSupportModulesInManaged (23ms)
				SetLoadedEditorAssemblies (1ms)
				RefreshPlugins (204ms)
				BeforeProcessingInitializeOnLoad (2ms)
				ProcessInitializeOnLoadAttributes (200ms)
				ProcessInitializeOnLoadMethodAttributes (67ms)
				AfterProcessingInitializeOnLoad (0ms)
				EditorAssembliesLoaded (0ms)
			ExecutionOrderSort2 (0ms)
			AwakeInstancesAfterBackupRestoration (0ms)
Platform modules already initialized, skipping
Registering precompiled user dll's ...
Registered in 0.006824 seconds.
Begin MonoManager ReloadAssembly
Symbol file LoadedFromMemory doesn't match image C:\Users\ramir\OneDrive\Documentos\escuela\cuatri4\barron\Unity Ramiro\Proyecto personal\Library\PackageCache\com.unity.visualscripting@1.7.6\Editor\VisualScripting.Core\Dependencies\YamlDotNet\Unity.VisualScripting.YamlDotNet.dll
Symbol file LoadedFromMemory is not a mono symbol file
Symbol file LoadedFromMemory doesn't match image C:\Users\ramir\OneDrive\Documentos\escuela\cuatri4\barron\Unity Ramiro\Proyecto personal\Library\PackageCache\com.unity.visualscripting@1.7.6\Editor\VisualScripting.Core\Dependencies\DotNetZip\Unity.VisualScripting.IonicZip.dll
Native extension for WindowsStandalone target not found
Native extension for WebGL target not found
Refreshing native plugins compatible for Editor in 0.70 ms, found 3 plugins.
Preloading 0 native plugins for Editor in 0.00 ms.
Mono: successfully reloaded assembly
- Completed reload, in  1.528 seconds
Domain Reload Profiling:
	ReloadAssembly (1529ms)
		BeginReloadAssembly (185ms)
			ExecutionOrderSort (0ms)
			DisableScriptedObjects (10ms)
			BackupInstance (0ms)
			ReleaseScriptingObjects (0ms)
			CreateAndSetChildDomain (28ms)
		EndReloadAssembly (1158ms)
			LoadAssemblies (146ms)
			RebuildTransferFunctionScriptingTraits (0ms)
			SetupTypeCache (375ms)
			ReleaseScriptCaches (1ms)
			RebuildScriptCaches (72ms)
			SetupLoadedEditorAssemblies (533ms)
				LogAssemblyErrors (0ms)
				InitializePlatformSupportModulesInManaged (10ms)
				SetLoadedEditorAssemblies (1ms)
				RefreshPlugins (1ms)
				BeforeProcessingInitializeOnLoad (109ms)
				ProcessInitializeOnLoadAttributes (372ms)
				ProcessInitializeOnLoadMethodAttributes (36ms)
				AfterProcessingInitializeOnLoad (3ms)
				EditorAssembliesLoaded (0ms)
			ExecutionOrderSort2 (0ms)
			AwakeInstancesAfterBackupRestoration (9ms)
Platform modules already initialized, skipping
========================================================================
Worker process is ready to serve import requests
Launched and connected shader compiler UnityShaderCompiler.exe after 0.09 seconds
Refreshing native plugins compatible for Editor in 0.78 ms, found 3 plugins.
Preloading 0 native plugins for Editor in 0.00 ms.
Unloading 3225 Unused Serialized files (Serialized files now loaded: 0)
Unloading 23 unused Assets / (112.0 KB). Loaded Objects now: 3685.
Memory consumption went from 113.1 MB to 113.0 MB.
Total: 4.364800 ms (FindLiveObjects: 0.512600 ms CreateObjectMapping: 0.214700 ms MarkObjects: 3.498900 ms  DeleteObjects: 0.136700 ms)

AssetImportParameters requested are different than current active one (requested -> active):
  custom:video-decoder-ogg-theora: a1e56fd34408186e4bbccfd4996cb3dc -> 
  custom:container-muxer-webm: aa71ff27fc2769a1b78a27578f13a17b -> 
  custom:container-demuxer-webm: 4f35f7cbe854078d1ac9338744f61a02 -> 
  custom:video-encoder-webm-vp8: eb34c28f22e8b96e1ab97ce403110664 -> 
  custom:audio-encoder-webm-vorbis: bf7c407c2cedff20999df2af8eb42d56 -> 
  custom:framework-win-MediaFoundation: 216162199b28c13a410421893ffa2e32 -> 
  custom:container-demuxer-ogg: 62fdf1f143b41e24485cea50d1cbac27 -> 
  custom:video-decoder-webm-vp8: 9c59270c3fd7afecdb556c50c9e8de78 -> 
  custom:audio-decoder-ogg-vorbis: bf7c407c2cedff20999df2af8eb42d56 -> 
========================================================================
Received Import Request.
  Time since last request: 440708.840276 seconds.
  path: Assets/Scenes/My game.unity
  artifactKey: Guid(834a051f9b0cdb9429b0cd8ac13b49fb) Importer(815301076,1909f56bfc062723c751e8b465ee728b)
Start importing Assets/Scenes/My game.unity using Guid(834a051f9b0cdb9429b0cd8ac13b49fb) Importer(815301076,1909f56bfc062723c751e8b465ee728b)  -> (artifact id: 'fa69d2f4411e73bd33328b094a4386a7') in 0.016040 seconds 
========================================================================
Received Import Request.
  Time since last request: 14.386698 seconds.
  path: Assets/Scenes/SampleScene.unity
  artifactKey: Guid(9fc0d4010bbf28b4594072e72b8655ab) Importer(815301076,1909f56bfc062723c751e8b465ee728b)
Start importing Assets/Scenes/SampleScene.unity using Guid(9fc0d4010bbf28b4594072e72b8655ab) Importer(815301076,1909f56bfc062723c751e8b465ee728b)  -> (artifact id: 'e55ccaa32d8e5c1de03c07a5412c8c3c') in 0.010227 seconds 
========================================================================
Received Import Request.
  Time since last request: 6.931026 seconds.
  path: Assets/Materials/Blue.mat
  artifactKey: Guid(7deaa788989b3c847b28f62a9c1882eb) Importer(815301076,1909f56bfc062723c751e8b465ee728b)
Start importing Assets/Materials/Blue.mat using Guid(7deaa788989b3c847b28f62a9c1882eb) Importer(815301076,1909f56bfc062723c751e8b465ee728b)  -> (artifact id: '81f337a5a3980da1f7d4de029599df51') in 0.949852 seconds 
========================================================================
Received Import Request.
  Time since last request: 0.000048 seconds.
  path: Assets/Materials/Red.mat
  artifactKey: Guid(23b681416781f2244b7c5b7528bdc8cb) Importer(815301076,1909f56bfc062723c751e8b465ee728b)
Start importing Assets/Materials/Red.mat using Guid(23b681416781f2244b7c5b7528bdc8cb) Importer(815301076,1909f56bfc062723c751e8b465ee728b)  -> (artifact id: '6d27f5f6dc5825bb5022151b30c26be5') in 0.045397 seconds 
========================================================================
Received Import Request.
  Time since last request: 0.000064 seconds.
  path: Assets/Materials/Red_Dark.mat
  artifactKey: Guid(8ea81e301e7cf294eb4abd5231b4008a) Importer(815301076,1909f56bfc062723c751e8b465ee728b)
Start importing Assets/Materials/Red_Dark.mat using Guid(8ea81e301e7cf294eb4abd5231b4008a) Importer(815301076,1909f56bfc062723c751e8b465ee728b)  -> (artifact id: '20f4c537932ec3c0a72dbee57c1370f4') in 0.025415 seconds 
========================================================================
Received Import Request.
  Time since last request: 0.000070 seconds.
  path: Assets/Materials/Red_Medium.mat
  artifactKey: Guid(ad2e639e358d22149ab8f8e906d7b8fc) Importer(815301076,1909f56bfc062723c751e8b465ee728b)
Start importing Assets/Materials/Red_Medium.mat using Guid(ad2e639e358d22149ab8f8e906d7b8fc) Importer(815301076,1909f56bfc062723c751e8b465ee728b)  -> (artifact id: '925aecc1bbd6d2c215c25b565b0bc262') in 0.026430 seconds 
========================================================================
Received Import Request.
  Time since last request: 0.000042 seconds.
  path: Assets/Materials/Green.mat
  artifactKey: Guid(9013d9ad9517abb449b5d4cf312c3f03) Importer(815301076,1909f56bfc062723c751e8b465ee728b)
Start importing Assets/Materials/Green.mat using Guid(9013d9ad9517abb449b5d4cf312c3f03) Importer(815301076,1909f56bfc062723c751e8b465ee728b)  -> (artifact id: 'bd7c450566051f317af47fcf47cd6ca9') in 0.030220 seconds 
========================================================================
Received Import Request.
  Time since last request: 0.000035 seconds.
  path: Assets/Materials/Red_light.mat
  artifactKey: Guid(709ddbabada03104684afcb74cd4dc97) Importer(815301076,1909f56bfc062723c751e8b465ee728b)
Start importing Assets/Materials/Red_light.mat using Guid(709ddbabada03104684afcb74cd4dc97) Importer(815301076,1909f56bfc062723c751e8b465ee728b)  -> (artifact id: 'bc02b66263e16f264122476f2cbe9a50') in 0.027297 seconds 
========================================================================
Received Import Request.
  Time since last request: 12.417198 seconds.
  path: Assets/Scenes/My game2.unity
  artifactKey: Guid(834a051f9b0cdb9429b0cd8ac13b49fb) Importer(815301076,1909f56bfc062723c751e8b465ee728b)
Start importing Assets/Scenes/My game2.unity using Guid(834a051f9b0cdb9429b0cd8ac13b49fb) Importer(815301076,1909f56bfc062723c751e8b465ee728b)  -> (artifact id: '5c391a9e79b5577ccf62955bf816d87f') in 0.012555 seconds 
========================================================================
Received Import Request.
  Time since last request: 72.410738 seconds.
  path: Assets/Scenes/My game.unity
  artifactKey: Guid(9fc0d4010bbf28b4594072e72b8655ab) Importer(815301076,1909f56bfc062723c751e8b465ee728b)
Start importing Assets/Scenes/My game.unity using Guid(9fc0d4010bbf28b4594072e72b8655ab) Importer(815301076,1909f56bfc062723c751e8b465ee728b)  -> (artifact id: 'ada06dee9e7efd1f7265070c284ab9d2') in 0.003947 seconds 
========================================================================
Received Import Request.
  Time since last request: 321.065825 seconds.
  path: Assets/Scenes/My game2.unity
  artifactKey: Guid(834a051f9b0cdb9429b0cd8ac13b49fb) Importer(815301076,1909f56bfc062723c751e8b465ee728b)
Start importing Assets/Scenes/My game2.unity using Guid(834a051f9b0cdb9429b0cd8ac13b49fb) Importer(815301076,1909f56bfc062723c751e8b465ee728b)  -> (artifact id: '7611cfe4d3cd00a74270a845aa62c104') in 0.005405 seconds 
========================================================================
Received Import Request.
  Time since last request: 28.187387 seconds.
  path: Assets/Scenes/My game.unity
  artifactKey: Guid(834a051f9b0cdb9429b0cd8ac13b49fb) Importer(815301076,1909f56bfc062723c751e8b465ee728b)
Start importing Assets/Scenes/My game.unity using Guid(834a051f9b0cdb9429b0cd8ac13b49fb) Importer(815301076,1909f56bfc062723c751e8b465ee728b)  -> (artifact id: 'db0587f7ea2429cea394b4bf75f0c085') in 0.009865 seconds 
